\BOOKMARK [1][-]{section.1}{\376\377\000I\000n\000t\000r\000o\000d\000u\000c\000t\000i\000o\000n}{}% 1
\BOOKMARK [1][-]{section.2}{\376\377\000D\000a\000t\000a\000\040\000A\000n\000a\000l\000y\000s\000i\000s}{}% 2
\BOOKMARK [2][-]{subsection.2.1}{\376\377\000D\000a\000t\000a\000s\000e\000t\000\040\000a\000n\000d\000\040\000t\000a\000r\000g\000e\000t\000\040\000v\000a\000r\000i\000a\000b\000l\000e}{section.2}% 3
\BOOKMARK [2][-]{subsection.2.2}{\376\377\000T\000r\000a\000i\000n\000/\000v\000a\000l\000i\000d\000a\000t\000i\000o\000n\000/\000t\000e\000s\000t\000\040\000s\000p\000l\000i\000t}{section.2}% 4
\BOOKMARK [2][-]{subsection.2.3}{\376\377\000T\000e\000s\000t\000-\000s\000e\000t\000\040\000r\000e\000t\000u\000r\000n\000\040\000d\000i\000s\000t\000r\000i\000b\000u\000t\000i\000o\000n}{section.2}% 5
\BOOKMARK [2][-]{subsection.2.4}{\376\377\000G\000r\000o\000u\000p\000\040\000p\000r\000o\000j\000e\000c\000t\000\040\000m\000o\000d\000e\000l\000s}{section.2}% 6
\BOOKMARK [1][-]{section.3}{\376\377\000M\000e\000t\000h\000o\000d\000o\000l\000o\000g\000y}{}% 7
\BOOKMARK [2][-]{subsection.3.1}{\376\377\000P\000r\000o\000b\000a\000b\000i\000l\000i\000s\000t\000i\000c\000\040\000c\000a\000l\000i\000b\000r\000a\000t\000i\000o\000n}{section.3}% 8
\BOOKMARK [2][-]{subsection.3.2}{\376\377\000S\000t\000a\000t\000i\000s\000t\000i\000c\000a\000l\000\040\000t\000e\000s\000t\000s}{section.3}% 9
\BOOKMARK [3][-]{subsubsection.3.2.1}{\376\377\000K\000o\000l\000m\000o\000g\000o\000r\000o\000v\040\023\000S\000m\000i\000r\000n\000o\000v\000\040\000t\000e\000s\000t\000\040\000\050\000C\000h\000a\000p\000t\000e\000r\000\040\0001\0008\000,\000\040\000S\000e\000c\000t\000i\000o\000n\000\040\0001\0008\000.\0003\000.\0003\000\051}{subsection.3.2}% 10
\BOOKMARK [3][-]{subsubsection.3.2.2}{\376\377\000A\000n\000d\000e\000r\000s\000o\000n\040\023\000D\000a\000r\000l\000i\000n\000g\000\040\000t\000e\000s\000t\000\040\000\050\000C\000h\000a\000p\000t\000e\000r\000\040\0001\0008\000,\000\040\000S\000e\000c\000t\000i\000o\000n\000\040\0001\0008\000.\0003\000.\0004\000\051}{subsection.3.2}% 11
\BOOKMARK [3][-]{subsubsection.3.2.3}{\376\377\000L\000j\000u\000n\000g\040\023\000B\000o\000x\000\040\000t\000e\000s\000t\000\040\000\050\000C\000h\000a\000p\000t\000e\000r\000\040\0009\000\051}{subsection.3.2}% 12
\BOOKMARK [3][-]{subsubsection.3.2.4}{\376\377\000I\000n\000t\000e\000r\000v\000a\000l\000\040\000c\000o\000v\000e\000r\000a\000g\000e\000\040\000t\000e\000s\000t}{subsection.3.2}% 13
\BOOKMARK [3][-]{subsubsection.3.2.5}{\376\377\000O\000u\000t\000-\000o\000f\000-\000s\000a\000m\000p\000l\000e\000\040\000n\000e\000g\000a\000t\000i\000v\000e\000\040\000l\000o\000g\000-\000l\000i\000k\000e\000l\000i\000h\000o\000o\000d\000\040\000\050\000C\000h\000a\000p\000t\000e\000r\000\040\0001\0008\000,\000\040\000S\000e\000c\000t\000i\000o\000n\000\040\0001\0008\000.\0006\000\051}{subsection.3.2}% 14
\BOOKMARK [3][-]{subsubsection.3.2.6}{\376\377\000C\000h\000r\000i\000s\000t\000o\000f\000f\000e\000r\000s\000e\000n\000\040\000c\000o\000n\000d\000i\000t\000i\000o\000n\000a\000l\000\040\000c\000o\000v\000e\000r\000a\000g\000e\000\040\000t\000e\000s\000t}{subsection.3.2}% 15
\BOOKMARK [3][-]{subsubsection.3.2.7}{\376\377\000D\000i\000e\000b\000o\000l\000d\040\023\000M\000a\000r\000i\000a\000n\000o\000\040\000t\000e\000s\000t\000\040\000f\000o\000r\000\040\000p\000r\000e\000d\000i\000c\000t\000i\000v\000e\000\040\000d\000e\000n\000s\000i\000t\000y\000\040\000c\000o\000m\000p\000a\000r\000i\000s\000o\000n}{subsection.3.2}% 16
\BOOKMARK [3][-]{subsubsection.3.2.8}{\376\377\000A\000k\000a\000i\000k\000e\000\040\000I\000n\000f\000o\000r\000m\000a\000t\000i\000o\000n\000\040\000C\000r\000i\000t\000e\000r\000i\000o\000n\000\040\000\050\000C\000h\000a\000p\000t\000e\000r\000\040\0001\0008\000,\000\040\000S\000e\000c\000t\000i\000o\000n\000\040\0001\0008\000.\0006\000\051}{subsection.3.2}% 17
\BOOKMARK [2][-]{subsection.3.3}{\376\377\000G\000A\000R\000C\000H\000\050\0001\000,\0001\000\051\000\040\000b\000e\000n\000c\000h\000m\000a\000r\000k}{section.3}% 18
\BOOKMARK [2][-]{subsection.3.4}{\376\377\000C\000o\000n\000d\000i\000t\000i\000o\000n\000a\000l\000\040\000c\000a\000l\000i\000b\000r\000a\000t\000i\000o\000n}{section.3}% 19
\BOOKMARK [2][-]{subsection.3.5}{\376\377\000S\000t\000u\000d\000e\000n\000t\000-\000t\000\040\000e\000x\000t\000e\000n\000s\000i\000o\000n\000\040\000\050\000C\000h\000a\000p\000t\000e\000r\000\040\0001\0004\000\051}{section.3}% 20
\BOOKMARK [2][-]{subsection.3.6}{\376\377\000L\000i\000m\000i\000t\000a\000t\000i\000o\000n\000s}{section.3}% 21
\BOOKMARK [1][-]{section.4}{\376\377\000R\000e\000s\000u\000l\000t\000s}{}% 22
\BOOKMARK [2][-]{subsection.4.1}{\376\377\000S\000t\000a\000n\000d\000a\000r\000d\000i\000s\000e\000d\000\040\000r\000e\000s\000i\000d\000u\000a\000l\000\040\000d\000i\000a\000g\000n\000o\000s\000t\000i\000c\000s}{section.4}% 23
\BOOKMARK [2][-]{subsection.4.2}{\376\377\000A\000u\000t\000o\000c\000o\000r\000r\000e\000l\000a\000t\000i\000o\000n\000\040\000d\000i\000a\000g\000n\000o\000s\000t\000i\000c\000s}{section.4}% 24
\BOOKMARK [2][-]{subsection.4.3}{\376\377\000F\000o\000r\000m\000a\000l\000\040\000d\000i\000s\000t\000r\000i\000b\000u\000t\000i\000o\000n\000a\000l\000\040\000t\000e\000s\000t\000s}{section.4}% 25
\BOOKMARK [2][-]{subsection.4.4}{\376\377\000P\000I\000T\000\040\000h\000i\000s\000t\000o\000g\000r\000a\000m\000s}{section.4}% 26
\BOOKMARK [2][-]{subsection.4.5}{\376\377\000Q\000-\000Q\000\040\000d\000i\000a\000g\000n\000o\000s\000t\000i\000c\000s}{section.4}% 27
\BOOKMARK [2][-]{subsection.4.6}{\376\377\000I\000n\000t\000e\000r\000v\000a\000l\000\040\000c\000o\000v\000e\000r\000a\000g\000e}{section.4}% 28
\BOOKMARK [2][-]{subsection.4.7}{\376\377\000G\000A\000R\000C\000H\000\050\0001\000,\0001\000\051\000\040\000b\000e\000n\000c\000h\000m\000a\000r\000k}{section.4}% 29
\BOOKMARK [2][-]{subsection.4.8}{\376\377\000O\000u\000t\000-\000o\000f\000-\000s\000a\000m\000p\000l\000e\000\040\000l\000i\000k\000e\000l\000i\000h\000o\000o\000d\000\040\000c\000o\000m\000p\000a\000r\000i\000s\000o\000n}{section.4}% 30
\BOOKMARK [2][-]{subsection.4.9}{\376\377\000S\000t\000u\000d\000e\000n\000t\000-\000t\000\040\000e\000x\000t\000e\000n\000s\000i\000o\000n}{section.4}% 31
\BOOKMARK [2][-]{subsection.4.10}{\376\377\000R\000o\000l\000l\000i\000n\000g\000\040\000c\000a\000l\000i\000b\000r\000a\000t\000i\000o\000n}{section.4}% 32
\BOOKMARK [2][-]{subsection.4.11}{\376\377\000C\000h\000r\000i\000s\000t\000o\000f\000f\000e\000r\000s\000e\000n\000\040\000c\000o\000n\000d\000i\000t\000i\000o\000n\000a\000l\000\040\000c\000o\000v\000e\000r\000a\000g\000e\000\040\000t\000e\000s\000t}{section.4}% 33
\BOOKMARK [2][-]{subsection.4.12}{\376\377\000P\000o\000s\000i\000t\000i\000o\000n\000-\000s\000i\000z\000i\000n\000g\000\040\000b\000a\000c\000k\000t\000e\000s\000t}{section.4}% 34
\BOOKMARK [2][-]{subsection.4.13}{\376\377\000C\000a\000l\000i\000b\000r\000a\000t\000i\000o\000n\000\040\000s\000c\000o\000r\000e\000c\000a\000r\000d}{section.4}% 35
\BOOKMARK [1][-]{section.5}{\376\377\000D\000i\000s\000c\000u\000s\000s\000i\000o\000n}{}% 36
\BOOKMARK [2][-]{subsection.5.1}{\376\377\000A\000s\000s\000e\000s\000s\000m\000e\000n\000t\000\040\000o\000f\000\040\000h\000y\000p\000o\000t\000h\000e\000s\000e\000s}{section.5}% 37
\BOOKMARK [2][-]{subsection.5.2}{\376\377\000C\000o\000m\000p\000a\000r\000i\000s\000o\000n\000\040\000w\000i\000t\000h\000\040\000G\000A\000R\000C\000H\000\050\0001\000,\0001\000\051}{section.5}% 38
\BOOKMARK [2][-]{subsection.5.3}{\376\377\000I\000m\000p\000l\000i\000c\000a\000t\000i\000o\000n\000s\000\040\000f\000o\000r\000\040\000p\000o\000s\000i\000t\000i\000o\000n\000\040\000s\000i\000z\000i\000n\000g}{section.5}% 39
\BOOKMARK [2][-]{subsection.5.4}{\376\377\000L\000i\000m\000i\000t\000a\000t\000i\000o\000n\000s}{section.5}% 40
\BOOKMARK [1][-]{section.6}{\376\377\000C\000o\000n\000c\000l\000u\000s\000i\000o\000n\000\040\000a\000n\000d\000\040\000F\000u\000t\000u\000r\000e\000\040\000W\000o\000r\000k}{}% 41
